[debug] ----------------------------------------------------------------------
[debug] Command:      /usr/bin/nodejs /usr/bin/firebase init
[debug] CLI Version:  3.2.0
[debug] Platform:     linux
[debug] Node Version: v6.9.1
[debug] Time:         Fri Nov 25 2016 09:17:30 GMT+0100 (CET)
[debug] ----------------------------------------------------------------------
[debug] 
[debug] > command requires scopes: ["email","openid","https://www.googleapis.com/auth/cloudplatformprojects.readonly","https://www.googleapis.com/auth/firebase"]
[info] 
     ######## #### ########  ######## ########     ###     ######  ########
     ##        ##  ##     ## ##       ##     ##  ##   ##  ##       ##
     ######    ##  ########  ######   ########  #########  ######  ######
     ##        ##  ##    ##  ##       ##     ## ##     ##       ## ##
     ##       #### ##     ## ######## ########  ##     ##  ######  ########

You're about to initialize a Firebase project in this directory:

  /home/dariasz/Desktop/Praktyki/yaat

Before we get started, keep in mind:

  * You are initializing in an existing Firebase project directory

[info] 
=== Project Setup
[info] 
[info] First, let's associate this project directory with a Firebase project.
[info] You can create multiple project aliases by running firebase use --add, 
[info] but for now we'll just set up a default project.
[info] 
[debug] >>> HTTP REQUEST GET https://admin.firebase.com/v1/projects 
[debug] <<< HTTP RESPONSE 200
[info] i  .firebaserc already has a default project, skipping
[info] 
=== Database Setup
[info] 
[info] Firebase Realtime Database Rules allow you to define how your data should be
[info] structured and when your data can be read from and written to.
[info] 
[info] ✔  Database Rules for undefined have been downloaded to database.rules.json.
[info] Future modifications to database.rules.json will update Database Rules when you run
[info] firebase deploy.
[info] 
=== Hosting Setup
[info] 
[info] Your public directory is the folder (relative to your project directory) that
[info] will contain Hosting assets to uploaded with firebase deploy. If you
[info] have a build process for your assets, use your build's output directory.
[info] 
[info] ✔  Wrote dist/404.html
